<?xml version="1.0" encoding="UTF-8"?>
<!-- Generated by org.testng.reporters.JUnitReportReporter -->
<testsuite hostname="DESKTOP-SI9HRG8" failures="0" tests="1" name="com.TestClass.TestCaseNo_1" time="36.302" errors="0" timestamp="2022-09-14T15:59:21 IST" skipped="0">
  <testcase classname="com.TestClass.TestCaseNo_1" name="login" time="36.302"/>
  <system-out/>
</testsuite> <!-- com.TestClass.TestCaseNo_1 -->
